demos/twa-post-message/build/intermediates/manifest_merge_blame_file/debug/manifest-merger-blame-debug-report.txt
1<?xml version="1.0" encoding="utf-8"?>
2<manifest xmlns:android="http://schemas.android.com/apk/res/android"
3    package="com.google.androidbrowserhelper.demos.twapostmessage"
4    android:versionCode="1"
5    android:versionName="1.0" >
6
7    <uses-sdk
8        android:minSdkVersion="16"
8-->src/main/AndroidManifest.xml
9        android:targetSdkVersion="31" />
9-->src/main/AndroidManifest.xml
10
11    <queries>
11-->[:androidbrowserhelper] AndroidManifest.xml:26:5-34:15
12        <intent>
12-->[:androidbrowserhelper] AndroidManifest.xml:27:9-33:18
13            <action android:name="android.intent.action.VIEW" />
13-->[:androidbrowserhelper] AndroidManifest.xml:28:13-65
13-->[:androidbrowserhelper] AndroidManifest.xml:28:21-62
14
15            <category android:name="android.intent.category.BROWSABLE" />
15-->[:androidbrowserhelper] AndroidManifest.xml:30:13-74
15-->[:androidbrowserhelper] AndroidManifest.xml:30:23-71
16
17            <data android:scheme="https" />
17-->[:androidbrowserhelper] AndroidManifest.xml:32:13-44
17-->[:androidbrowserhelper] AndroidManifest.xml:32:19-41
18        </intent>
19    </queries>
20
21    <application
21-->src/main/AndroidManifest.xml:6:1-28:17
22        android:allowBackup="true"
22-->src/main/AndroidManifest.xml:7:7-33
23        android:appComponentFactory="androidx.core.app.CoreComponentFactory"
23-->[androidx.core:core:1.1.0] AndroidManifest.xml:24:18-86
24        android:debuggable="true"
25        android:icon="@mipmap/ic_launcher"
25-->src/main/AndroidManifest.xml:8:7-41
26        android:label="@string/app_name"
26-->src/main/AndroidManifest.xml:9:7-39
27        android:roundIcon="@mipmap/ic_launcher_round"
27-->src/main/AndroidManifest.xml:10:7-52
28        android:supportsRtl="true"
28-->src/main/AndroidManifest.xml:11:7-33
29        android:testOnly="true"
30        android:theme="@style/Theme.Androidbrowserhelper" >
30-->src/main/AndroidManifest.xml:12:7-56
31        <activity
31-->src/main/AndroidManifest.xml:13:5-27:16
32            android:name="com.google.androidbrowserhelper.demos.twapostmessage.MainActivity"
32-->src/main/AndroidManifest.xml:14:9-37
33            android:exported="true" >
33-->src/main/AndroidManifest.xml:15:9-32
34            <meta-data
34-->src/main/AndroidManifest.xml:16:7-17:63
35                android:name="android.support.customtabs.trusted.DEFAULT_URL"
35-->src/main/AndroidManifest.xml:16:18-79
36                android:value="https://peconn.github.io/starters" />
36-->src/main/AndroidManifest.xml:17:11-60
37
38            <intent-filter>
38-->src/main/AndroidManifest.xml:18:7-22:23
39                <action android:name="android.intent.action.MAIN" />
39-->src/main/AndroidManifest.xml:19:9-61
39-->src/main/AndroidManifest.xml:19:17-58
40
41                <category android:name="android.intent.category.LAUNCHER" />
41-->src/main/AndroidManifest.xml:21:9-69
41-->src/main/AndroidManifest.xml:21:19-66
42            </intent-filter>
43
44            <meta-data
44-->src/main/AndroidManifest.xml:24:7-26:30
45                android:name="android.app.lib_name"
45-->src/main/AndroidManifest.xml:25:11-46
46                android:value="" />
46-->src/main/AndroidManifest.xml:26:11-27
47        </activity>
48    </application>
49
50</manifest>